Flow report for ALU101
Fri Jan 03 04:39:03 2025
Quartus Prime Version 20.1.1 Build 720 11/11/2020 SJ Lite Edition


---------------------
; Table of Contents ;
---------------------
  1. Legal Notice
  2. Flow Summary
  3. Flow Settings
  4. Flow Non-Default Global Settings
  5. Flow Elapsed Time
  6. Flow OS Summary
  7. Flow Log
  8. Flow Messages
  9. Flow Suppressed Messages



----------------
; Legal Notice ;
----------------
Copyright (C) 2020  Intel Corporation. All rights reserved.
Your use of Intel Corporation's design tools, logic functions 
and other software and tools, and any partner logic 
functions, and any output files from any of the foregoing 
(including device programming or simulation files), and any 
associated documentation or information are expressly subject 
to the terms and conditions of the Intel Program License 
Subscription Agreement, the Intel Quartus Prime License Agreement,
the Intel FPGA IP License Agreement, or other applicable license
agreement, including, without limitation, that your use is for
the sole purpose of programming logic devices manufactured by
Intel and sold by Intel or its authorized distributors.  Please
refer to the applicable agreement for further details, at
https://fpgasoftware.intel.com/eula.



+----------------------------------------------------------------------------------+
; Flow Summary                                                                     ;
+------------------------------------+---------------------------------------------+
; Flow Status                        ; Successful - Fri Jan 03 04:39:03 2025       ;
; Quartus Prime Version              ; 20.1.1 Build 720 11/11/2020 SJ Lite Edition ;
; Revision Name                      ; ALU101                                      ;
; Top-level Entity Name              ; ALU101                                      ;
; Family                             ; MAX 10                                      ;
; Device                             ; 10M08DAF484C8G                              ;
; Timing Models                      ; Final                                       ;
; Total logic elements               ; 237 / 8,064 ( 3 % )                         ;
;     Total combinational functions  ; 237 / 8,064 ( 3 % )                         ;
;     Dedicated logic registers      ; 0 / 8,064 ( 0 % )                           ;
; Total registers                    ; 0                                           ;
; Total pins                         ; 105 / 250 ( 42 % )                          ;
; Total virtual pins                 ; 0                                           ;
; Total memory bits                  ; 0 / 387,072 ( 0 % )                         ;
; Embedded Multiplier 9-bit elements ; 0 / 48 ( 0 % )                              ;
; Total PLLs                         ; 0 / 2 ( 0 % )                               ;
; UFM blocks                         ; 0 / 1 ( 0 % )                               ;
; ADC blocks                         ; 0 / 1 ( 0 % )                               ;
+------------------------------------+---------------------------------------------+


+-----------------------------------------+
; Flow Settings                           ;
+-------------------+---------------------+
; Option            ; Setting             ;
+-------------------+---------------------+
; Start date & time ; 01/03/2025 04:37:37 ;
; Main task         ; Compilation         ;
; Revision Name     ; ALU101              ;
+-------------------+---------------------+


+-------------------------------------------------------------------------------------------------------------------------+
; Flow Non-Default Global Settings                                                                                        ;
+-------------------------------------+----------------------------------------+---------------+-------------+------------+
; Assignment Name                     ; Value                                  ; Default Value ; Entity Name ; Section Id ;
+-------------------------------------+----------------------------------------+---------------+-------------+------------+
; COMPILER_SIGNATURE_ID               ; 4931002522810.173585385708796          ; --            ; --          ; --         ;
; MAX_CORE_JUNCTION_TEMP              ; 85                                     ; --            ; --          ; --         ;
; MIN_CORE_JUNCTION_TEMP              ; 0                                      ; --            ; --          ; --         ;
; PARTITION_COLOR                     ; -- (Not supported for targeted family) ; --            ; --          ; Top        ;
; PARTITION_FITTER_PRESERVATION_LEVEL ; -- (Not supported for targeted family) ; --            ; --          ; Top        ;
; PARTITION_NETLIST_TYPE              ; -- (Not supported for targeted family) ; --            ; --          ; Top        ;
; PROJECT_OUTPUT_DIRECTORY            ; output_files                           ; --            ; --          ; --         ;
+-------------------------------------+----------------------------------------+---------------+-------------+------------+


+--------------------------------------------------------------------------------------------------------------------------+
; Flow Elapsed Time                                                                                                        ;
+----------------------+--------------+-------------------------+---------------------+------------------------------------+
; Module Name          ; Elapsed Time ; Average Processors Used ; Peak Virtual Memory ; Total CPU Time (on all processors) ;
+----------------------+--------------+-------------------------+---------------------+------------------------------------+
; Analysis & Synthesis ; 00:00:12     ; 1.0                     ; 4795 MB             ; 00:00:17                           ;
; Fitter               ; 00:00:10     ; 1.1                     ; 5825 MB             ; 00:00:06                           ;
; Assembler            ; 00:00:01     ; 1.0                     ; 4687 MB             ; 00:00:01                           ;
; Timing Analyzer      ; 00:00:02     ; 1.2                     ; 4841 MB             ; 00:00:02                           ;
; EDA Netlist Writer   ; 00:00:01     ; 1.0                     ; 4632 MB             ; 00:00:00                           ;
; EDA Netlist Writer   ; 00:00:00     ; 1.0                     ; 4643 MB             ; 00:00:00                           ;
; EDA Netlist Writer   ; 00:00:00     ; 1.0                     ; 4632 MB             ; 00:00:00                           ;
; EDA Netlist Writer   ; 00:00:00     ; 1.0                     ; 4643 MB             ; 00:00:00                           ;
; Total                ; 00:00:26     ; --                      ; --                  ; 00:00:26                           ;
+----------------------+--------------+-------------------------+---------------------+------------------------------------+


+------------------------------------------------------------------------------------+
; Flow OS Summary                                                                    ;
+----------------------+------------------+------------+------------+----------------+
; Module Name          ; Machine Hostname ; OS Name    ; OS Version ; Processor type ;
+----------------------+------------------+------------+------------+----------------+
; Analysis & Synthesis ; DESKTOP-VSUAVJ5  ; Windows 10 ; 10.0       ; x86_64         ;
; Fitter               ; DESKTOP-VSUAVJ5  ; Windows 10 ; 10.0       ; x86_64         ;
; Assembler            ; DESKTOP-VSUAVJ5  ; Windows 10 ; 10.0       ; x86_64         ;
; Timing Analyzer      ; DESKTOP-VSUAVJ5  ; Windows 10 ; 10.0       ; x86_64         ;
; EDA Netlist Writer   ; DESKTOP-VSUAVJ5  ; Windows 10 ; 10.0       ; x86_64         ;
; EDA Netlist Writer   ; DESKTOP-VSUAVJ5  ; Windows 10 ; 10.0       ; x86_64         ;
; EDA Netlist Writer   ; DESKTOP-VSUAVJ5  ; Windows 10 ; 10.0       ; x86_64         ;
; EDA Netlist Writer   ; DESKTOP-VSUAVJ5  ; Windows 10 ; 10.0       ; x86_64         ;
+----------------------+------------------+------------+------------+----------------+


------------
; Flow Log ;
------------
quartus_map --read_settings_files=on --write_settings_files=off ALU101 -c ALU101
quartus_fit --read_settings_files=off --write_settings_files=off ALU101 -c ALU101
quartus_asm --read_settings_files=off --write_settings_files=off ALU101 -c ALU101
quartus_sta ALU101 -c ALU101
quartus_eda --gen_testbench --tool=modelsim_oem --format=vhdl --write_settings_files=off ALU101 -c ALU101 --vector_source="D:/Script/202/Computer Organizations/Waveform.vwf" --testbench_file="D:/Script/202/Computer Organizations/simulation/qsim/Waveform.vwf.vht"
quartus_eda --write_settings_files=off --simulation=on --functional=on --flatten_buses=off --tool=modelsim_oem --format=vhdl --output_directory="D:/Script/202/Computer Organizations/simulation/qsim/" ALU101 -c ALU101
quartus_eda --gen_testbench --tool=modelsim_oem --format=vhdl --write_settings_files=off ALU101 -c ALU101 --vector_source="D:/Script/202/Computer Organizations/Waveform.vwf" --testbench_file="D:/Script/202/Computer Organizations/simulation/qsim/Waveform.vwf.vht"
quartus_eda --write_settings_files=off --simulation=on --functional=on --flatten_buses=off --tool=modelsim_oem --format=vhdl --output_directory="D:/Script/202/Computer Organizations/simulation/qsim/" ALU101 -c ALU101



